<?xml version="1.0" encoding="UTF-8"?>
<testng-results ignored="0" total="1" passed="1" failed="0" skipped="0">
  <reporter-output>
  </reporter-output>
  <suite started-at="2023-07-25T11:01:31 IST" name="Default suite" finished-at="2023-07-25T11:01:39 IST" duration-ms="7533">
    <groups>
    </groups>
    <test started-at="2023-07-25T11:01:31 IST" name="Default test" finished-at="2023-07-25T11:01:39 IST" duration-ms="7533">
      <class name="Test2.DiffWayToCreatePostRequestBody">
        <test-method signature="testpostusingHashMap()[pri:1, instance:Test2.DiffWayToCreatePostRequestBody@729d991e]" started-at="2023-07-25T11:01:31 IST" name="testpostusingHashMap" finished-at="2023-07-25T11:01:39 IST" duration-ms="7402" status="PASS">
          <reporter-output>
          </reporter-output>
        </test-method> <!-- testpostusingHashMap -->
      </class> <!-- Test2.DiffWayToCreatePostRequestBody -->
    </test> <!-- Default test -->
  </suite> <!-- Default suite -->
</testng-results>
